<?xml version="1.0" encoding="UTF-8"?>
<testsuite name="Cucumber" time="267.605" tests="38" skipped="0" failures="16" errors="0">
<testcase classname="Create a new checking account" name="Create a checking account" time="13.148">
<failure type="org.openqa.selenium.NoSuchElementException" message="no such element: Unable to locate element: {&quot;method&quot;:&quot;css selector&quot;,&quot;selector&quot;:&quot;#checking\-menu&quot;}
  (Session info: headless chrome=117.0.5938.152)
For documentation on this error, please visit: https://www.selenium.dev/documentation/webdriver/troubleshooting/errors#no-such-element-exception
Build info: version: '4.11.0', revision: '040bc5406b'
System info: os.name: 'Windows 11', os.arch: 'amd64', os.version: '10.0', java.version: '19.0.1'
Driver info: org.openqa.selenium.chrome.ChromeDriver
Command: [7424170c1e848455ac69513186ab7578, findElement {using=id, value=checking-menu}]
Capabilities {acceptInsecureCerts: false, browserName: chrome, browserVersion: 117.0.5938.152, chrome: {chromedriverVersion: 117.0.5938.149 (e3344ddefa1..., userDataDir: C:\Users\anton\AppData\Loca...}, fedcm:accounts: true, goog:chromeOptions: {debuggerAddress: localhost:56309}, networkConnectionEnabled: false, pageLoadStrategy: normal, platformName: windows, proxy: Proxy(), se:cdp: ws://localhost:56309/devtoo..., se:cdpVersion: 117.0.5938.152, setWindowRect: true, strictFileInteractability: false, timeouts: {implicit: 0, pageLoad: 300000, script: 30000}, unhandledPromptBehavior: dismiss and notify, webauthn:extension:credBlob: true, webauthn:extension:largeBlob: true, webauthn:extension:minPinLength: true, webauthn:extension:prf: true, webauthn:virtualAuthenticators: true}
Session ID: 7424170c1e848455ac69513186ab7578">
<![CDATA[org.openqa.selenium.NoSuchElementException: no such element: Unable to locate element: {"method":"css selector","selector":"#checking\-menu"}
  (Session info: headless chrome=117.0.5938.152)
For documentation on this error, please visit: https://www.selenium.dev/documentation/webdriver/troubleshooting/errors#no-such-element-exception
Build info: version: '4.11.0', revision: '040bc5406b'
System info: os.name: 'Windows 11', os.arch: 'amd64', os.version: '10.0', java.version: '19.0.1'
Driver info: org.openqa.selenium.chrome.ChromeDriver
Command: [7424170c1e848455ac69513186ab7578, findElement {using=id, value=checking-menu}]
Capabilities {acceptInsecureCerts: false, browserName: chrome, browserVersion: 117.0.5938.152, chrome: {chromedriverVersion: 117.0.5938.149 (e3344ddefa1..., userDataDir: C:\Users\anton\AppData\Loca...}, fedcm:accounts: true, goog:chromeOptions: {debuggerAddress: localhost:56309}, networkConnectionEnabled: false, pageLoadStrategy: normal, platformName: windows, proxy: Proxy(), se:cdp: ws://localhost:56309/devtoo..., se:cdpVersion: 117.0.5938.152, setWindowRect: true, strictFileInteractability: false, timeouts: {implicit: 0, pageLoad: 300000, script: 30000}, unhandledPromptBehavior: dismiss and notify, webauthn:extension:credBlob: true, webauthn:extension:largeBlob: true, webauthn:extension:minPinLength: true, webauthn:extension:prf: true, webauthn:virtualAuthenticators: true}
Session ID: 7424170c1e848455ac69513186ab7578
	at java.base/jdk.internal.reflect.DirectConstructorHandleAccessor.newInstance(DirectConstructorHandleAccessor.java:67)
	at java.base/java.lang.reflect.Constructor.newInstanceWithCaller(Constructor.java:500)
	at java.base/java.lang.reflect.Constructor.newInstance(Constructor.java:484)
	at org.openqa.selenium.remote.codec.w3c.W3CHttpResponseCodec.createException(W3CHttpResponseCodec.java:200)
	at org.openqa.selenium.remote.codec.w3c.W3CHttpResponseCodec.decode(W3CHttpResponseCodec.java:133)
	at org.openqa.selenium.remote.codec.w3c.W3CHttpResponseCodec.decode(W3CHttpResponseCodec.java:52)
	at org.openqa.selenium.remote.HttpCommandExecutor.execute(HttpCommandExecutor.java:191)
	at org.openqa.selenium.remote.service.DriverCommandExecutor.invokeExecute(DriverCommandExecutor.java:196)
	at org.openqa.selenium.remote.service.DriverCommandExecutor.execute(DriverCommandExecutor.java:171)
	at org.openqa.selenium.remote.RemoteWebDriver.execute(RemoteWebDriver.java:518)
	at org.openqa.selenium.remote.ElementLocation$ElementFinder$2.findElement(ElementLocation.java:165)
	at org.openqa.selenium.remote.ElementLocation.findElement(ElementLocation.java:66)
	at org.openqa.selenium.remote.RemoteWebDriver.findElement(RemoteWebDriver.java:355)
	at org.openqa.selenium.remote.RemoteWebDriver.findElement(RemoteWebDriver.java:349)
	at org.openqa.selenium.support.pagefactory.DefaultElementLocator.findElement(DefaultElementLocator.java:68)
	at org.openqa.selenium.support.pagefactory.internal.LocatingElementHandler.invoke(LocatingElementHandler.java:38)
	at jdk.proxy2/jdk.proxy2.$Proxy28.click(Unknown Source)
	at co.digitalBankCucumberPractice.automation.ui.Pages.CreateNewCheckingPage.createNewCheckingAccount(CreateNewCheckingPage.java:50)
	at co.digitalBankCucumberPractice.automation.ui.steps.CreateCheckingAccountSteps.createsANewIndividualCheckingAccountWithTheFollowingData(CreateCheckingAccountSteps.java:38)
	at ✽.creates a new individual checking account with the following data(classpath:ui.features/CheckingAccount/CreateCheckingAccount.feature:5)
]]>
</failure>
<system-out><![CDATA[
Given User is logged in credentials "anton@email.com" and "Password123".....passed
And creates a new individual checking account with the following data.......failed
Then User should see a green confirmation message saying "Successfully created new Standard Checking account named Antons First Checking".skipped
And User should see the new checking account card...........................skipped
And User should see the following Transaction menu..........................skipped
]]></system-out>
</testcase>
<testcase classname="I am able to withdraw money from any Account" name="User is able to withdraw money from any account - Example #1.1" time="16.723">
<failure type="org.openqa.selenium.NoSuchElementException" message="no such element: Unable to locate element: {&quot;method&quot;:&quot;css selector&quot;,&quot;selector&quot;:&quot;#withdraw\-menu\-item&quot;}
  (Session info: headless chrome=117.0.5938.152)
For documentation on this error, please visit: https://www.selenium.dev/documentation/webdriver/troubleshooting/errors#no-such-element-exception
Build info: version: '4.11.0', revision: '040bc5406b'
System info: os.name: 'Windows 11', os.arch: 'amd64', os.version: '10.0', java.version: '19.0.1'
Driver info: org.openqa.selenium.chrome.ChromeDriver
Command: [e33e477fd7439d0b407641f7fd481972, findElement {using=id, value=withdraw-menu-item}]
Capabilities {acceptInsecureCerts: false, browserName: chrome, browserVersion: 117.0.5938.152, chrome: {chromedriverVersion: 117.0.5938.149 (e3344ddefa1..., userDataDir: C:\Users\anton\AppData\Loca...}, fedcm:accounts: true, goog:chromeOptions: {debuggerAddress: localhost:56328}, networkConnectionEnabled: false, pageLoadStrategy: normal, platformName: windows, proxy: Proxy(), se:cdp: ws://localhost:56328/devtoo..., se:cdpVersion: 117.0.5938.152, setWindowRect: true, strictFileInteractability: false, timeouts: {implicit: 0, pageLoad: 300000, script: 30000}, unhandledPromptBehavior: dismiss and notify, webauthn:extension:credBlob: true, webauthn:extension:largeBlob: true, webauthn:extension:minPinLength: true, webauthn:extension:prf: true, webauthn:virtualAuthenticators: true}
Session ID: e33e477fd7439d0b407641f7fd481972">
<![CDATA[org.openqa.selenium.NoSuchElementException: no such element: Unable to locate element: {"method":"css selector","selector":"#withdraw\-menu\-item"}
  (Session info: headless chrome=117.0.5938.152)
For documentation on this error, please visit: https://www.selenium.dev/documentation/webdriver/troubleshooting/errors#no-such-element-exception
Build info: version: '4.11.0', revision: '040bc5406b'
System info: os.name: 'Windows 11', os.arch: 'amd64', os.version: '10.0', java.version: '19.0.1'
Driver info: org.openqa.selenium.chrome.ChromeDriver
Command: [e33e477fd7439d0b407641f7fd481972, findElement {using=id, value=withdraw-menu-item}]
Capabilities {acceptInsecureCerts: false, browserName: chrome, browserVersion: 117.0.5938.152, chrome: {chromedriverVersion: 117.0.5938.149 (e3344ddefa1..., userDataDir: C:\Users\anton\AppData\Loca...}, fedcm:accounts: true, goog:chromeOptions: {debuggerAddress: localhost:56328}, networkConnectionEnabled: false, pageLoadStrategy: normal, platformName: windows, proxy: Proxy(), se:cdp: ws://localhost:56328/devtoo..., se:cdpVersion: 117.0.5938.152, setWindowRect: true, strictFileInteractability: false, timeouts: {implicit: 0, pageLoad: 300000, script: 30000}, unhandledPromptBehavior: dismiss and notify, webauthn:extension:credBlob: true, webauthn:extension:largeBlob: true, webauthn:extension:minPinLength: true, webauthn:extension:prf: true, webauthn:virtualAuthenticators: true}
Session ID: e33e477fd7439d0b407641f7fd481972
	at java.base/jdk.internal.reflect.DirectConstructorHandleAccessor.newInstance(DirectConstructorHandleAccessor.java:67)
	at java.base/java.lang.reflect.Constructor.newInstanceWithCaller(Constructor.java:500)
	at java.base/java.lang.reflect.Constructor.newInstance(Constructor.java:484)
	at org.openqa.selenium.remote.codec.w3c.W3CHttpResponseCodec.createException(W3CHttpResponseCodec.java:200)
	at org.openqa.selenium.remote.codec.w3c.W3CHttpResponseCodec.decode(W3CHttpResponseCodec.java:133)
	at org.openqa.selenium.remote.codec.w3c.W3CHttpResponseCodec.decode(W3CHttpResponseCodec.java:52)
	at org.openqa.selenium.remote.HttpCommandExecutor.execute(HttpCommandExecutor.java:191)
	at org.openqa.selenium.remote.service.DriverCommandExecutor.invokeExecute(DriverCommandExecutor.java:196)
	at org.openqa.selenium.remote.service.DriverCommandExecutor.execute(DriverCommandExecutor.java:171)
	at org.openqa.selenium.remote.RemoteWebDriver.execute(RemoteWebDriver.java:518)
	at org.openqa.selenium.remote.ElementLocation$ElementFinder$2.findElement(ElementLocation.java:165)
	at org.openqa.selenium.remote.ElementLocation.findElement(ElementLocation.java:66)
	at org.openqa.selenium.remote.RemoteWebDriver.findElement(RemoteWebDriver.java:355)
	at org.openqa.selenium.remote.RemoteWebDriver.findElement(RemoteWebDriver.java:349)
	at org.openqa.selenium.support.pagefactory.DefaultElementLocator.findElement(DefaultElementLocator.java:68)
	at org.openqa.selenium.support.pagefactory.internal.LocatingElementHandler.invoke(LocatingElementHandler.java:38)
	at jdk.proxy2/jdk.proxy2.$Proxy28.click(Unknown Source)
	at co.digitalBankCucumberPractice.automation.ui.Pages.Transactions_WithdrawPage.goToWithdrawPage(Transactions_WithdrawPage.java:40)
	at co.digitalBankCucumberPractice.automation.ui.steps.WithdrawFromAccountSteps.user_is_on_the_to_withdraw_page(WithdrawFromAccountSteps.java:34)
	at ✽.User is on the to Withdraw page(classpath:ui.features/CheckingAccount/WithdrawFromCheckingAccount.feature:9)
]]>
</failure>
<system-out><![CDATA[
Given User is logged in with credentials "test@test.com" and "Password123"..passed
Given User is on the to Withdraw page.......................................failed
When user chooses an account and enters a withdraw amount and submits the withdrawal.skipped
Then user should see the new balance and amount withdrew in the transaction table.skipped
]]></system-out>
</testcase>
<testcase classname="I am able to withdraw money from any Account" name="User is able to withdraw money from any account - Example #1.2" time="13.703">
<failure type="org.openqa.selenium.NoSuchElementException" message="no such element: Unable to locate element: {&quot;method&quot;:&quot;css selector&quot;,&quot;selector&quot;:&quot;#withdraw\-menu\-item&quot;}
  (Session info: headless chrome=117.0.5938.152)
For documentation on this error, please visit: https://www.selenium.dev/documentation/webdriver/troubleshooting/errors#no-such-element-exception
Build info: version: '4.11.0', revision: '040bc5406b'
System info: os.name: 'Windows 11', os.arch: 'amd64', os.version: '10.0', java.version: '19.0.1'
Driver info: org.openqa.selenium.chrome.ChromeDriver
Command: [976a9c44614bd33fc8cddf18445f0c1c, findElement {using=id, value=withdraw-menu-item}]
Capabilities {acceptInsecureCerts: false, browserName: chrome, browserVersion: 117.0.5938.152, chrome: {chromedriverVersion: 117.0.5938.149 (e3344ddefa1..., userDataDir: C:\Users\anton\AppData\Loca...}, fedcm:accounts: true, goog:chromeOptions: {debuggerAddress: localhost:56353}, networkConnectionEnabled: false, pageLoadStrategy: normal, platformName: windows, proxy: Proxy(), se:cdp: ws://localhost:56353/devtoo..., se:cdpVersion: 117.0.5938.152, setWindowRect: true, strictFileInteractability: false, timeouts: {implicit: 0, pageLoad: 300000, script: 30000}, unhandledPromptBehavior: dismiss and notify, webauthn:extension:credBlob: true, webauthn:extension:largeBlob: true, webauthn:extension:minPinLength: true, webauthn:extension:prf: true, webauthn:virtualAuthenticators: true}
Session ID: 976a9c44614bd33fc8cddf18445f0c1c">
<![CDATA[org.openqa.selenium.NoSuchElementException: no such element: Unable to locate element: {"method":"css selector","selector":"#withdraw\-menu\-item"}
  (Session info: headless chrome=117.0.5938.152)
For documentation on this error, please visit: https://www.selenium.dev/documentation/webdriver/troubleshooting/errors#no-such-element-exception
Build info: version: '4.11.0', revision: '040bc5406b'
System info: os.name: 'Windows 11', os.arch: 'amd64', os.version: '10.0', java.version: '19.0.1'
Driver info: org.openqa.selenium.chrome.ChromeDriver
Command: [976a9c44614bd33fc8cddf18445f0c1c, findElement {using=id, value=withdraw-menu-item}]
Capabilities {acceptInsecureCerts: false, browserName: chrome, browserVersion: 117.0.5938.152, chrome: {chromedriverVersion: 117.0.5938.149 (e3344ddefa1..., userDataDir: C:\Users\anton\AppData\Loca...}, fedcm:accounts: true, goog:chromeOptions: {debuggerAddress: localhost:56353}, networkConnectionEnabled: false, pageLoadStrategy: normal, platformName: windows, proxy: Proxy(), se:cdp: ws://localhost:56353/devtoo..., se:cdpVersion: 117.0.5938.152, setWindowRect: true, strictFileInteractability: false, timeouts: {implicit: 0, pageLoad: 300000, script: 30000}, unhandledPromptBehavior: dismiss and notify, webauthn:extension:credBlob: true, webauthn:extension:largeBlob: true, webauthn:extension:minPinLength: true, webauthn:extension:prf: true, webauthn:virtualAuthenticators: true}
Session ID: 976a9c44614bd33fc8cddf18445f0c1c
	at java.base/jdk.internal.reflect.DirectConstructorHandleAccessor.newInstance(DirectConstructorHandleAccessor.java:67)
	at java.base/java.lang.reflect.Constructor.newInstanceWithCaller(Constructor.java:500)
	at java.base/java.lang.reflect.Constructor.newInstance(Constructor.java:484)
	at org.openqa.selenium.remote.codec.w3c.W3CHttpResponseCodec.createException(W3CHttpResponseCodec.java:200)
	at org.openqa.selenium.remote.codec.w3c.W3CHttpResponseCodec.decode(W3CHttpResponseCodec.java:133)
	at org.openqa.selenium.remote.codec.w3c.W3CHttpResponseCodec.decode(W3CHttpResponseCodec.java:52)
	at org.openqa.selenium.remote.HttpCommandExecutor.execute(HttpCommandExecutor.java:191)
	at org.openqa.selenium.remote.service.DriverCommandExecutor.invokeExecute(DriverCommandExecutor.java:196)
	at org.openqa.selenium.remote.service.DriverCommandExecutor.execute(DriverCommandExecutor.java:171)
	at org.openqa.selenium.remote.RemoteWebDriver.execute(RemoteWebDriver.java:518)
	at org.openqa.selenium.remote.ElementLocation$ElementFinder$2.findElement(ElementLocation.java:165)
	at org.openqa.selenium.remote.ElementLocation.findElement(ElementLocation.java:66)
	at org.openqa.selenium.remote.RemoteWebDriver.findElement(RemoteWebDriver.java:355)
	at org.openqa.selenium.remote.RemoteWebDriver.findElement(RemoteWebDriver.java:349)
	at org.openqa.selenium.support.pagefactory.DefaultElementLocator.findElement(DefaultElementLocator.java:68)
	at org.openqa.selenium.support.pagefactory.internal.LocatingElementHandler.invoke(LocatingElementHandler.java:38)
	at jdk.proxy2/jdk.proxy2.$Proxy28.click(Unknown Source)
	at co.digitalBankCucumberPractice.automation.ui.Pages.Transactions_WithdrawPage.goToWithdrawPage(Transactions_WithdrawPage.java:40)
	at co.digitalBankCucumberPractice.automation.ui.steps.WithdrawFromAccountSteps.user_is_on_the_to_withdraw_page(WithdrawFromAccountSteps.java:34)
	at ✽.User is on the to Withdraw page(classpath:ui.features/CheckingAccount/WithdrawFromCheckingAccount.feature:9)
]]>
</failure>
<system-out><![CDATA[
Given User is logged in with credentials "test@test.com" and "Password123"..passed
Given User is on the to Withdraw page.......................................failed
When user chooses an account and enters a withdraw amount and submits the withdrawal.skipped
Then user should see the new balance and amount withdrew in the transaction table.skipped
]]></system-out>
</testcase>
<testcase classname="I am able to withdraw money from any Account" name="User is able to withdraw money from any account - Example #1.3" time="12.65">
<failure type="org.openqa.selenium.NoSuchElementException" message="no such element: Unable to locate element: {&quot;method&quot;:&quot;css selector&quot;,&quot;selector&quot;:&quot;#withdraw\-menu\-item&quot;}
  (Session info: headless chrome=117.0.5938.152)
For documentation on this error, please visit: https://www.selenium.dev/documentation/webdriver/troubleshooting/errors#no-such-element-exception
Build info: version: '4.11.0', revision: '040bc5406b'
System info: os.name: 'Windows 11', os.arch: 'amd64', os.version: '10.0', java.version: '19.0.1'
Driver info: org.openqa.selenium.chrome.ChromeDriver
Command: [36786ea3ffe6272baece080fb37bce4a, findElement {using=id, value=withdraw-menu-item}]
Capabilities {acceptInsecureCerts: false, browserName: chrome, browserVersion: 117.0.5938.152, chrome: {chromedriverVersion: 117.0.5938.149 (e3344ddefa1..., userDataDir: C:\Users\anton\AppData\Loca...}, fedcm:accounts: true, goog:chromeOptions: {debuggerAddress: localhost:56379}, networkConnectionEnabled: false, pageLoadStrategy: normal, platformName: windows, proxy: Proxy(), se:cdp: ws://localhost:56379/devtoo..., se:cdpVersion: 117.0.5938.152, setWindowRect: true, strictFileInteractability: false, timeouts: {implicit: 0, pageLoad: 300000, script: 30000}, unhandledPromptBehavior: dismiss and notify, webauthn:extension:credBlob: true, webauthn:extension:largeBlob: true, webauthn:extension:minPinLength: true, webauthn:extension:prf: true, webauthn:virtualAuthenticators: true}
Session ID: 36786ea3ffe6272baece080fb37bce4a">
<![CDATA[org.openqa.selenium.NoSuchElementException: no such element: Unable to locate element: {"method":"css selector","selector":"#withdraw\-menu\-item"}
  (Session info: headless chrome=117.0.5938.152)
For documentation on this error, please visit: https://www.selenium.dev/documentation/webdriver/troubleshooting/errors#no-such-element-exception
Build info: version: '4.11.0', revision: '040bc5406b'
System info: os.name: 'Windows 11', os.arch: 'amd64', os.version: '10.0', java.version: '19.0.1'
Driver info: org.openqa.selenium.chrome.ChromeDriver
Command: [36786ea3ffe6272baece080fb37bce4a, findElement {using=id, value=withdraw-menu-item}]
Capabilities {acceptInsecureCerts: false, browserName: chrome, browserVersion: 117.0.5938.152, chrome: {chromedriverVersion: 117.0.5938.149 (e3344ddefa1..., userDataDir: C:\Users\anton\AppData\Loca...}, fedcm:accounts: true, goog:chromeOptions: {debuggerAddress: localhost:56379}, networkConnectionEnabled: false, pageLoadStrategy: normal, platformName: windows, proxy: Proxy(), se:cdp: ws://localhost:56379/devtoo..., se:cdpVersion: 117.0.5938.152, setWindowRect: true, strictFileInteractability: false, timeouts: {implicit: 0, pageLoad: 300000, script: 30000}, unhandledPromptBehavior: dismiss and notify, webauthn:extension:credBlob: true, webauthn:extension:largeBlob: true, webauthn:extension:minPinLength: true, webauthn:extension:prf: true, webauthn:virtualAuthenticators: true}
Session ID: 36786ea3ffe6272baece080fb37bce4a
	at java.base/jdk.internal.reflect.DirectConstructorHandleAccessor.newInstance(DirectConstructorHandleAccessor.java:67)
	at java.base/java.lang.reflect.Constructor.newInstanceWithCaller(Constructor.java:500)
	at java.base/java.lang.reflect.Constructor.newInstance(Constructor.java:484)
	at org.openqa.selenium.remote.codec.w3c.W3CHttpResponseCodec.createException(W3CHttpResponseCodec.java:200)
	at org.openqa.selenium.remote.codec.w3c.W3CHttpResponseCodec.decode(W3CHttpResponseCodec.java:133)
	at org.openqa.selenium.remote.codec.w3c.W3CHttpResponseCodec.decode(W3CHttpResponseCodec.java:52)
	at org.openqa.selenium.remote.HttpCommandExecutor.execute(HttpCommandExecutor.java:191)
	at org.openqa.selenium.remote.service.DriverCommandExecutor.invokeExecute(DriverCommandExecutor.java:196)
	at org.openqa.selenium.remote.service.DriverCommandExecutor.execute(DriverCommandExecutor.java:171)
	at org.openqa.selenium.remote.RemoteWebDriver.execute(RemoteWebDriver.java:518)
	at org.openqa.selenium.remote.ElementLocation$ElementFinder$2.findElement(ElementLocation.java:165)
	at org.openqa.selenium.remote.ElementLocation.findElement(ElementLocation.java:66)
	at org.openqa.selenium.remote.RemoteWebDriver.findElement(RemoteWebDriver.java:355)
	at org.openqa.selenium.remote.RemoteWebDriver.findElement(RemoteWebDriver.java:349)
	at org.openqa.selenium.support.pagefactory.DefaultElementLocator.findElement(DefaultElementLocator.java:68)
	at org.openqa.selenium.support.pagefactory.internal.LocatingElementHandler.invoke(LocatingElementHandler.java:38)
	at jdk.proxy2/jdk.proxy2.$Proxy28.click(Unknown Source)
	at co.digitalBankCucumberPractice.automation.ui.Pages.Transactions_WithdrawPage.goToWithdrawPage(Transactions_WithdrawPage.java:40)
	at co.digitalBankCucumberPractice.automation.ui.steps.WithdrawFromAccountSteps.user_is_on_the_to_withdraw_page(WithdrawFromAccountSteps.java:34)
	at ✽.User is on the to Withdraw page(classpath:ui.features/CheckingAccount/WithdrawFromCheckingAccount.feature:9)
]]>
</failure>
<system-out><![CDATA[
Given User is logged in with credentials "test@test.com" and "Password123"..passed
Given User is on the to Withdraw page.......................................failed
When user chooses an account and enters a withdraw amount and submits the withdrawal.skipped
Then user should see the new balance and amount withdrew in the transaction table.skipped
]]></system-out>
</testcase>
<testcase classname="As a user i can deposit money into my checking account" name="Deposit money into checking account - Example #1.1" time="11.514">
<failure type="org.opentest4j.AssertionFailedError" message="expected: &lt;https://dbank-qa.wedevx.co/bank/home&gt; but was: &lt;http://antony.mydevx.com/bank/login?error&gt;">
<![CDATA[org.opentest4j.AssertionFailedError: expected: <https://dbank-qa.wedevx.co/bank/home> but was: <http://antony.mydevx.com/bank/login?error>
	at org.junit.jupiter.api.AssertionUtils.fail(AssertionUtils.java:55)
	at org.junit.jupiter.api.AssertionUtils.failNotEqual(AssertionUtils.java:62)
	at org.junit.jupiter.api.AssertEquals.assertEquals(AssertEquals.java:182)
	at org.junit.jupiter.api.AssertEquals.assertEquals(AssertEquals.java:177)
	at org.junit.jupiter.api.Assertions.assertEquals(Assertions.java:1141)
	at co.digitalBankCucumberPractice.automation.ui.steps.DepositIntoCheckingSteps.user_successfully_logs_in_with_credentials_and(DepositIntoCheckingSteps.java:29)
	at ✽.User successfully logs in with credentials "test@test.com" and "Password123"(classpath:ui.features/CheckingAccount/depositIntoChecking.feature:5)
]]>
</failure>
<system-out><![CDATA[
Given User is on the login page.............................................passed
And User successfully logs in with credentials "test@test.com" and "Password123".failed
When User navigates to deposit page.........................................skipped
And user selects checking "TestAccount1 (Standard Checking)" from dropdown..skipped
And User enters a "10.00" amount............................................skipped
And User clicks submit......................................................skipped
Then User should see the updated deposit information in the transaction table.skipped
]]></system-out>
</testcase>
<testcase classname="As a user i can deposit money into my checking account" name="Deposit money into checking account - Example #1.2" time="7.91">
<failure type="org.opentest4j.AssertionFailedError" message="expected: &lt;https://dbank-qa.wedevx.co/bank/home&gt; but was: &lt;http://antony.mydevx.com/bank/login?error&gt;">
<![CDATA[org.opentest4j.AssertionFailedError: expected: <https://dbank-qa.wedevx.co/bank/home> but was: <http://antony.mydevx.com/bank/login?error>
	at org.junit.jupiter.api.AssertionUtils.fail(AssertionUtils.java:55)
	at org.junit.jupiter.api.AssertionUtils.failNotEqual(AssertionUtils.java:62)
	at org.junit.jupiter.api.AssertEquals.assertEquals(AssertEquals.java:182)
	at org.junit.jupiter.api.AssertEquals.assertEquals(AssertEquals.java:177)
	at org.junit.jupiter.api.Assertions.assertEquals(Assertions.java:1141)
	at co.digitalBankCucumberPractice.automation.ui.steps.DepositIntoCheckingSteps.user_successfully_logs_in_with_credentials_and(DepositIntoCheckingSteps.java:29)
	at ✽.User successfully logs in with credentials "test@test.com" and "Password123"(classpath:ui.features/CheckingAccount/depositIntoChecking.feature:5)
]]>
</failure>
<system-out><![CDATA[
Given User is on the login page.............................................passed
And User successfully logs in with credentials "test@test.com" and "Password123".failed
When User navigates to deposit page.........................................skipped
And user selects checking "TestAccount1 (Standard Checking)" from dropdown..skipped
And User enters a "28.50" amount............................................skipped
And User clicks submit......................................................skipped
Then User should see the updated deposit information in the transaction table.skipped
]]></system-out>
</testcase>
<testcase classname="As a user i can deposit money into my checking account" name="Deposit money into checking account - Example #1.3" time="9.36">
<failure type="org.opentest4j.AssertionFailedError" message="expected: &lt;https://dbank-qa.wedevx.co/bank/home&gt; but was: &lt;http://antony.mydevx.com/bank/login?error&gt;">
<![CDATA[org.opentest4j.AssertionFailedError: expected: <https://dbank-qa.wedevx.co/bank/home> but was: <http://antony.mydevx.com/bank/login?error>
	at org.junit.jupiter.api.AssertionUtils.fail(AssertionUtils.java:55)
	at org.junit.jupiter.api.AssertionUtils.failNotEqual(AssertionUtils.java:62)
	at org.junit.jupiter.api.AssertEquals.assertEquals(AssertEquals.java:182)
	at org.junit.jupiter.api.AssertEquals.assertEquals(AssertEquals.java:177)
	at org.junit.jupiter.api.Assertions.assertEquals(Assertions.java:1141)
	at co.digitalBankCucumberPractice.automation.ui.steps.DepositIntoCheckingSteps.user_successfully_logs_in_with_credentials_and(DepositIntoCheckingSteps.java:29)
	at ✽.User successfully logs in with credentials "test@test.com" and "Password123"(classpath:ui.features/CheckingAccount/depositIntoChecking.feature:5)
]]>
</failure>
<system-out><![CDATA[
Given User is on the login page.............................................passed
And User successfully logs in with credentials "test@test.com" and "Password123".failed
When User navigates to deposit page.........................................skipped
And user selects checking "TestAccount1 (Standard Checking)" from dropdown..skipped
And User enters a "1850.70" amount..........................................skipped
And User clicks submit......................................................skipped
Then User should see the updated deposit information in the transaction table.skipped
]]></system-out>
</testcase>
<testcase classname="ability to log in" name="Verify user cannot login with &quot;&lt;invalidUsername&gt;&quot; and &quot;&lt;invalidPassword&gt;&quot; - Example #1.1" time="3.913">
<failure type="org.opentest4j.AssertionFailedError" message="expected: &lt;http://antony.mydevx.com/bank&gt; but was: &lt;http://antony.mydevx.com/bank/login&gt;">
<![CDATA[org.opentest4j.AssertionFailedError: expected: <http://antony.mydevx.com/bank> but was: <http://antony.mydevx.com/bank/login>
	at org.junit.jupiter.api.AssertionUtils.fail(AssertionUtils.java:55)
	at org.junit.jupiter.api.AssertionUtils.failNotEqual(AssertionUtils.java:62)
	at org.junit.jupiter.api.AssertEquals.assertEquals(AssertEquals.java:182)
	at org.junit.jupiter.api.AssertEquals.assertEquals(AssertEquals.java:177)
	at org.junit.jupiter.api.Assertions.assertEquals(Assertions.java:1141)
	at co.digitalBankCucumberPractice.automation.ui.steps.LoginSteps.user_entered_and(LoginSteps.java:33)
	at ✽.user entered "notRealName" and "notRealPassword"(classpath:ui.features/Login/Login.feature:5)
]]>
</failure>
<system-out><![CDATA[
Given user entered "notRealName" and "notRealPassword"......................failed
]]></system-out>
</testcase>
<testcase classname="ability to log in" name="Verify user cannot login with &quot;&lt;invalidUsername&gt;&quot; and &quot;&lt;invalidPassword&gt;&quot; - Example #1.2" time="3.813">
<failure type="org.opentest4j.AssertionFailedError" message="expected: &lt;http://antony.mydevx.com/bank&gt; but was: &lt;http://antony.mydevx.com/bank/login&gt;">
<![CDATA[org.opentest4j.AssertionFailedError: expected: <http://antony.mydevx.com/bank> but was: <http://antony.mydevx.com/bank/login>
	at org.junit.jupiter.api.AssertionUtils.fail(AssertionUtils.java:55)
	at org.junit.jupiter.api.AssertionUtils.failNotEqual(AssertionUtils.java:62)
	at org.junit.jupiter.api.AssertEquals.assertEquals(AssertEquals.java:182)
	at org.junit.jupiter.api.AssertEquals.assertEquals(AssertEquals.java:177)
	at org.junit.jupiter.api.Assertions.assertEquals(Assertions.java:1141)
	at co.digitalBankCucumberPractice.automation.ui.steps.LoginSteps.user_entered_and(LoginSteps.java:33)
	at ✽.user entered "invalid pass" and "anton@email.com"(classpath:ui.features/Login/Login.feature:5)
]]>
</failure>
<system-out><![CDATA[
Given user entered "invalid pass" and "anton@email.com".....................failed
]]></system-out>
</testcase>
<testcase classname="ability to log in" name="Verify user cannot login with &quot;&lt;invalidUsername&gt;&quot; and &quot;&lt;invalidPassword&gt;&quot; - Example #1.3" time="3.048">
<failure type="org.opentest4j.AssertionFailedError" message="expected: &lt;http://antony.mydevx.com/bank&gt; but was: &lt;http://antony.mydevx.com/bank/login&gt;">
<![CDATA[org.opentest4j.AssertionFailedError: expected: <http://antony.mydevx.com/bank> but was: <http://antony.mydevx.com/bank/login>
	at org.junit.jupiter.api.AssertionUtils.fail(AssertionUtils.java:55)
	at org.junit.jupiter.api.AssertionUtils.failNotEqual(AssertionUtils.java:62)
	at org.junit.jupiter.api.AssertEquals.assertEquals(AssertEquals.java:182)
	at org.junit.jupiter.api.AssertEquals.assertEquals(AssertEquals.java:177)
	at org.junit.jupiter.api.Assertions.assertEquals(Assertions.java:1141)
	at co.digitalBankCucumberPractice.automation.ui.steps.LoginSteps.user_entered_and(LoginSteps.java:33)
	at ✽.user entered "Password123" and "doesNotExistUsername"(classpath:ui.features/Login/Login.feature:5)
]]>
</failure>
<system-out><![CDATA[
Given user entered "Password123" and "doesNotExistUsername".................failed
]]></system-out>
</testcase>
<testcase classname="ability to log in" name="Verify user cannot login with &quot;&lt;invalidUsername&gt;&quot; and &quot;&lt;invalidPassword&gt;&quot; - Example #1.4" time="3.31">
<failure type="org.opentest4j.AssertionFailedError" message="expected: &lt;http://antony.mydevx.com/bank&gt; but was: &lt;http://antony.mydevx.com/bank/login&gt;">
<![CDATA[org.opentest4j.AssertionFailedError: expected: <http://antony.mydevx.com/bank> but was: <http://antony.mydevx.com/bank/login>
	at org.junit.jupiter.api.AssertionUtils.fail(AssertionUtils.java:55)
	at org.junit.jupiter.api.AssertionUtils.failNotEqual(AssertionUtils.java:62)
	at org.junit.jupiter.api.AssertEquals.assertEquals(AssertEquals.java:182)
	at org.junit.jupiter.api.AssertEquals.assertEquals(AssertEquals.java:177)
	at org.junit.jupiter.api.Assertions.assertEquals(Assertions.java:1141)
	at co.digitalBankCucumberPractice.automation.ui.steps.LoginSteps.user_entered_and(LoginSteps.java:33)
	at ✽.user entered "NotBlankPassword" and ""(classpath:ui.features/Login/Login.feature:5)
]]>
</failure>
<system-out><![CDATA[
Given user entered "NotBlankPassword" and ""................................failed
]]></system-out>
</testcase>
<testcase classname="ability to log in" name="Verify user cannot login with &quot;&lt;invalidUsername&gt;&quot; and &quot;&lt;invalidPassword&gt;&quot; - Example #1.5" time="4.895">
<failure type="org.opentest4j.AssertionFailedError" message="expected: &lt;http://antony.mydevx.com/bank&gt; but was: &lt;http://antony.mydevx.com/bank/login&gt;">
<![CDATA[org.opentest4j.AssertionFailedError: expected: <http://antony.mydevx.com/bank> but was: <http://antony.mydevx.com/bank/login>
	at org.junit.jupiter.api.AssertionUtils.fail(AssertionUtils.java:55)
	at org.junit.jupiter.api.AssertionUtils.failNotEqual(AssertionUtils.java:62)
	at org.junit.jupiter.api.AssertEquals.assertEquals(AssertEquals.java:182)
	at org.junit.jupiter.api.AssertEquals.assertEquals(AssertEquals.java:177)
	at org.junit.jupiter.api.Assertions.assertEquals(Assertions.java:1141)
	at co.digitalBankCucumberPractice.automation.ui.steps.LoginSteps.user_entered_and(LoginSteps.java:33)
	at ✽.user entered "" and "notBlankPassword"(classpath:ui.features/Login/Login.feature:5)
]]>
</failure>
<system-out><![CDATA[
Given user entered "" and "notBlankPassword"................................failed
]]></system-out>
</testcase>
<testcase classname="ability to log in" name="Verify user cannot login with &quot;&lt;invalidUsername&gt;&quot; and &quot;&lt;invalidPassword&gt;&quot; - Example #1.6" time="4.267">
<failure type="org.opentest4j.AssertionFailedError" message="expected: &lt;http://antony.mydevx.com/bank&gt; but was: &lt;http://antony.mydevx.com/bank/login&gt;">
<![CDATA[org.opentest4j.AssertionFailedError: expected: <http://antony.mydevx.com/bank> but was: <http://antony.mydevx.com/bank/login>
	at org.junit.jupiter.api.AssertionUtils.fail(AssertionUtils.java:55)
	at org.junit.jupiter.api.AssertionUtils.failNotEqual(AssertionUtils.java:62)
	at org.junit.jupiter.api.AssertEquals.assertEquals(AssertEquals.java:182)
	at org.junit.jupiter.api.AssertEquals.assertEquals(AssertEquals.java:177)
	at org.junit.jupiter.api.Assertions.assertEquals(Assertions.java:1141)
	at co.digitalBankCucumberPractice.automation.ui.steps.LoginSteps.user_entered_and(LoginSteps.java:33)
	at ✽.user entered "" and ""(classpath:ui.features/Login/Login.feature:5)
]]>
</failure>
<system-out><![CDATA[
Given user entered "" and ""................................................failed
]]></system-out>
</testcase>
<testcase classname="ability to log in" name="User Verifies user can login with valid credentials - Example #1.1" time="11.867">
<failure type="org.openqa.selenium.TimeoutException" message="Expected condition failed: waiting for url to be &quot;http://antony.mydevx.com/bank&quot;. Current url: &quot;http://antony.mydevx.com/bank/login?error&quot; (tried for 3 second(s) with 500 milliseconds interval)
Build info: version: '4.11.0', revision: '040bc5406b'
System info: os.name: 'Windows 11', os.arch: 'amd64', os.version: '10.0', java.version: '19.0.1'
Driver info: org.openqa.selenium.chrome.ChromeDriver
Capabilities {acceptInsecureCerts: false, browserName: chrome, browserVersion: 117.0.5938.152, chrome: {chromedriverVersion: 117.0.5938.149 (e3344ddefa1..., userDataDir: C:\Users\anton\AppData\Loca...}, fedcm:accounts: true, goog:chromeOptions: {debuggerAddress: localhost:56485}, networkConnectionEnabled: false, pageLoadStrategy: normal, platformName: windows, proxy: Proxy(), se:cdp: ws://localhost:56485/devtoo..., se:cdpVersion: 117.0.5938.152, setWindowRect: true, strictFileInteractability: false, timeouts: {implicit: 0, pageLoad: 300000, script: 30000}, unhandledPromptBehavior: dismiss and notify, webauthn:extension:credBlob: true, webauthn:extension:largeBlob: true, webauthn:extension:minPinLength: true, webauthn:extension:prf: true, webauthn:virtualAuthenticators: true}
Session ID: a117fe5571b1ce92777bc5cb2c617268">
<![CDATA[org.openqa.selenium.TimeoutException: Expected condition failed: waiting for url to be "http://antony.mydevx.com/bank". Current url: "http://antony.mydevx.com/bank/login?error" (tried for 3 second(s) with 500 milliseconds interval)
Build info: version: '4.11.0', revision: '040bc5406b'
System info: os.name: 'Windows 11', os.arch: 'amd64', os.version: '10.0', java.version: '19.0.1'
Driver info: org.openqa.selenium.chrome.ChromeDriver
Capabilities {acceptInsecureCerts: false, browserName: chrome, browserVersion: 117.0.5938.152, chrome: {chromedriverVersion: 117.0.5938.149 (e3344ddefa1..., userDataDir: C:\Users\anton\AppData\Loca...}, fedcm:accounts: true, goog:chromeOptions: {debuggerAddress: localhost:56485}, networkConnectionEnabled: false, pageLoadStrategy: normal, platformName: windows, proxy: Proxy(), se:cdp: ws://localhost:56485/devtoo..., se:cdpVersion: 117.0.5938.152, setWindowRect: true, strictFileInteractability: false, timeouts: {implicit: 0, pageLoad: 300000, script: 30000}, unhandledPromptBehavior: dismiss and notify, webauthn:extension:credBlob: true, webauthn:extension:largeBlob: true, webauthn:extension:minPinLength: true, webauthn:extension:prf: true, webauthn:virtualAuthenticators: true}
Session ID: a117fe5571b1ce92777bc5cb2c617268
	at org.openqa.selenium.support.ui.WebDriverWait.timeoutException(WebDriverWait.java:84)
	at org.openqa.selenium.support.ui.FluentWait.until(FluentWait.java:230)
	at co.digitalBankCucumberPractice.automation.ui.steps.LoginSteps.verify_user_successfully_logged_in(LoginSteps.java:51)
	at ✽.verify user successfully logged in(classpath:ui.features/Login/Login.feature:18)
]]>
</failure>
<system-out><![CDATA[
Given user entered valid "anton@email.com" and "Password123"................passed
Then verify user successfully logged in.....................................failed
]]></system-out>
</testcase>
<testcase classname="Ability to Register a User" name="successfully registering a new user, positive case" time="12.635">
<system-out><![CDATA[
Given the user with "ella@email.com" is not in database.....................passed
Given user is on the dBank registration page................................passed
When user enters the following data.........................................passed
Then user should see a green "Registration Successful. Please Login." alert.passed
And the following user info should be saved in the database.................passed
]]></system-out>
</testcase>
<testcase classname="Ability to Register a User" name="Negative test case, As an admin I want to make sure I cannot register without all proper data - Example #1.1" time="6.779">
<system-out><![CDATA[
Given the user with "ella@email.com" is not in database.....................passed
Given user is on the dBank registration page................................passed
Given user enters the following data........................................passed
Then The user should see the "title" with the appropriate "Please select an item in the list.".passed
]]></system-out>
</testcase>
<testcase classname="Ability to Register a User" name="Negative test case, As an admin I want to make sure I cannot register without all proper data - Example #1.2" time="5.047">
<system-out><![CDATA[
Given the user with "ella@email.com" is not in database.....................passed
Given user is on the dBank registration page................................passed
Given user enters the following data........................................passed
Then The user should see the "firstName" with the appropriate "Please fill out this field.".passed
]]></system-out>
</testcase>
<testcase classname="Ability to Register a User" name="Negative test case, As an admin I want to make sure I cannot register without all proper data - Example #1.3" time="4.182">
<system-out><![CDATA[
Given the user with "ella@email.com" is not in database.....................passed
Given user is on the dBank registration page................................passed
Given user enters the following data........................................passed
Then The user should see the "lastName" with the appropriate "Please fill out this field.".passed
]]></system-out>
</testcase>
<testcase classname="Ability to Register a User" name="Negative test case, As an admin I want to make sure I cannot register without all proper data - Example #1.4" time="6.084">
<system-out><![CDATA[
Given the user with "ella@email.com" is not in database.....................passed
Given user is on the dBank registration page................................passed
Given user enters the following data........................................passed
Then The user should see the "gender" with the appropriate "Please select one of these options.".passed
]]></system-out>
</testcase>
<testcase classname="Ability to Register a User" name="Negative test case, As an admin I want to make sure I cannot register without all proper data - Example #1.5" time="4.573">
<system-out><![CDATA[
Given the user with "ella@email.com" is not in database.....................passed
Given user is on the dBank registration page................................passed
Given user enters the following data........................................passed
Then The user should see the "dateOfBirth" with the appropriate "Please match the requested format.".passed
]]></system-out>
</testcase>
<testcase classname="Ability to Register a User" name="Negative test case, As an admin I want to make sure I cannot register without all proper data - Example #1.6" time="5.808">
<system-out><![CDATA[
Given the user with "ella@email.com" is not in database.....................passed
Given user is on the dBank registration page................................passed
Given user enters the following data........................................passed
Then The user should see the "dateOfBirth" with the appropriate "Please match the requested format.".passed
]]></system-out>
</testcase>
<testcase classname="Ability to Register a User" name="Negative test case, As an admin I want to make sure I cannot register without all proper data - Example #1.7" time="4.393">
<system-out><![CDATA[
Given the user with "ella@email.com" is not in database.....................passed
Given user is on the dBank registration page................................passed
Given user enters the following data........................................passed
Then The user should see the "dateOfBirth" with the appropriate "Please match the requested format.".passed
]]></system-out>
</testcase>
<testcase classname="Ability to Register a User" name="Negative test case, As an admin I want to make sure I cannot register without all proper data - Example #1.8" time="5.667">
<system-out><![CDATA[
Given the user with "ella@email.com" is not in database.....................passed
Given user is on the dBank registration page................................passed
Given user enters the following data........................................passed
Then The user should see the "ssn" with the appropriate "Please match the requested format.".passed
]]></system-out>
</testcase>
<testcase classname="Ability to Register a User" name="Negative test case, As an admin I want to make sure I cannot register without all proper data - Example #1.9" time="4.243">
<system-out><![CDATA[
Given the user with "ella@email.com" is not in database.....................passed
Given user is on the dBank registration page................................passed
Given user enters the following data........................................passed
Then The user should see the "ssn" with the appropriate "Please match the requested format.".passed
]]></system-out>
</testcase>
<testcase classname="Ability to Register a User" name="Negative test case, As an admin I want to make sure I cannot register without all proper data - Example #1.10" time="5.671">
<system-out><![CDATA[
Given the user with "ella@email.com" is not in database.....................passed
Given user is on the dBank registration page................................passed
Given user enters the following data........................................passed
Then The user should see the "ssn" with the appropriate "Please fill out this field.".passed
]]></system-out>
</testcase>
<testcase classname="Ability to Register a User" name="Negative test case, As an admin I want to make sure I cannot register without all proper data - Example #1.11" time="4.215">
<system-out><![CDATA[
Given the user with "ella@email.com" is not in database.....................passed
Given user is on the dBank registration page................................passed
Given user enters the following data........................................passed
Then The user should see the "email" with the appropriate "Please fill out this field.".passed
]]></system-out>
</testcase>
<testcase classname="Ability to Register a User" name="Negative test case, As an admin I want to make sure I cannot register without all proper data - Example #1.12" time="6.041">
<system-out><![CDATA[
Given the user with "ella@email.com" is not in database.....................passed
Given user is on the dBank registration page................................passed
Given user enters the following data........................................passed
Then The user should see the "password" with the appropriate "Please fill out this field.".passed
]]></system-out>
</testcase>
<testcase classname="Ability to Register a User" name="Negative test case, As an admin I want to make sure I cannot register without all proper data - Example #1.13" time="4.801">
<system-out><![CDATA[
Given the user with "ella@email.com" is not in database.....................passed
Given user is on the dBank registration page................................passed
Given user enters the following data........................................passed
Then The user should see the "confirmPassword" with the appropriate "Passwords Do Not Match".passed
]]></system-out>
</testcase>
<testcase classname="Ability to Register a User" name="Negative test case, As an admin I want to make sure I cannot register without all proper data - Example #1.14" time="5.946">
<system-out><![CDATA[
Given the user with "ella@email.com" is not in database.....................passed
Given user is on the dBank registration page................................passed
Given user enters the following data........................................passed
Then The user should see the "confirmPassword" with the appropriate "Passwords Do Not Match".passed
]]></system-out>
</testcase>
<testcase classname="Ability to Register a User" name="Negative test case, As an admin I want to make sure I cannot register without all proper data - Example #1.15" time="5.012">
<system-out><![CDATA[
Given the user with "ella@email.com" is not in database.....................passed
Given user is on the dBank registration page................................passed
Given user enters the following data........................................passed
Then The user should see the "address" with the appropriate "Please fill out this field.".passed
]]></system-out>
</testcase>
<testcase classname="Ability to Register a User" name="Negative test case, As an admin I want to make sure I cannot register without all proper data - Example #1.16" time="7.531">
<system-out><![CDATA[
Given the user with "ella@email.com" is not in database.....................passed
Given user is on the dBank registration page................................passed
Given user enters the following data........................................passed
Then The user should see the "locality" with the appropriate "Please fill out this field.".passed
]]></system-out>
</testcase>
<testcase classname="Ability to Register a User" name="Negative test case, As an admin I want to make sure I cannot register without all proper data - Example #1.17" time="7.667">
<system-out><![CDATA[
Given the user with "ella@email.com" is not in database.....................passed
Given user is on the dBank registration page................................passed
Given user enters the following data........................................passed
Then The user should see the "region" with the appropriate "Please fill out this field.".passed
]]></system-out>
</testcase>
<testcase classname="Ability to Register a User" name="Negative test case, As an admin I want to make sure I cannot register without all proper data - Example #1.18" time="9.506">
<system-out><![CDATA[
Given the user with "ella@email.com" is not in database.....................passed
Given user is on the dBank registration page................................passed
Given user enters the following data........................................passed
Then The user should see the "postalCode" with the appropriate "Please fill out this field.".passed
]]></system-out>
</testcase>
<testcase classname="Ability to Register a User" name="Negative test case, As an admin I want to make sure I cannot register without all proper data - Example #1.19" time="9.813">
<system-out><![CDATA[
Given the user with "ella@email.com" is not in database.....................passed
Given user is on the dBank registration page................................passed
Given user enters the following data........................................passed
Then The user should see the "country" with the appropriate "Please fill out this field.".passed
]]></system-out>
</testcase>
<testcase classname="Ability to Register a User" name="Negative test case, As an admin I want to make sure I cannot register without all proper data - Example #1.20" time="6.396">
<system-out><![CDATA[
Given the user with "ella@email.com" is not in database.....................passed
Given user is on the dBank registration page................................passed
Given user enters the following data........................................passed
Then The user should see the "mobilePhone" with the appropriate "Please fill out this field.".passed
]]></system-out>
</testcase>
<testcase classname="Ability to Register a User" name="Negative test case, As an admin I want to make sure I cannot register without all proper data - Example #1.21" time="6.556">
<system-out><![CDATA[
Given the user with "ella@email.com" is not in database.....................passed
Given user is on the dBank registration page................................passed
Given user enters the following data........................................passed
Then The user should see the "termsCheckBox" with the appropriate "Please check this box if you want to proceed.".passed
]]></system-out>
</testcase>
<testcase classname="Create a new savings account" name="Create a new individual savings account" time="7.303">
<failure type="org.opentest4j.AssertionFailedError" message="expected: &lt;true&gt; but was: &lt;false&gt;">
<![CDATA[org.opentest4j.AssertionFailedError: expected: <true> but was: <false>
	at org.junit.jupiter.api.AssertionUtils.fail(AssertionUtils.java:55)
	at org.junit.jupiter.api.AssertTrue.assertTrue(AssertTrue.java:40)
	at org.junit.jupiter.api.AssertTrue.assertTrue(AssertTrue.java:35)
	at org.junit.jupiter.api.Assertions.assertTrue(Assertions.java:179)
	at co.digitalBankCucumberPractice.automation.ui.steps.CreateSavingAccountSteps.user_creates_a_new_savings_account_with_the_information(CreateSavingAccountSteps.java:42)
	at ✽.User creates a new savings account with the information(classpath:ui.features/SavingAccount/CreateSavingAccount.feature:6)
]]>
</failure>
<system-out><![CDATA[
Given user is on the login page of dBank....................................passed
And user logs in with "steve@apple.com" and "Password123"...................passed
When User creates a new savings account with the information................failed
Then user should see green "Successfully created new Savings account named Steves Savings1" alert.skipped
And user should see the new checking account card with initial input data and.skipped
]]></system-out>
</testcase>
<testcase classname="Profile page is correct" name="As a user, I can confirm my personal information is correct" time="1.013">
<failure/>
<system-out><![CDATA[
Given User logs in with valid credentials...................................undefined
When User goes to My Profile page...........................................skipped
Then User confirms registration information is correct......................skipped
]]></system-out>
</testcase>
</testsuite>
